Version 5.3.6.2

Improvements (1)
2019-06-05 - [Change] Adaptation required for upgrading from 5.3.6.x to 5.4.0.x. #XCN-9823 (Maxim Kuznetsov) #Core

Fixes (20)
2019-06-18 - [Bug] Shipping address changes at checkout affected billing address. Fixed. #BUG-7001 https://xcn.myjetbrains.com/youtrack/issue/BUG-7001 (Shevelov Alexander) #Core
2019-06-17 - [Bug] Marketplace errors for PHP 7.3. Fixed. #BUG-7466 (Shevelov Alexander) #Core
2019-06-17 - [Bug] Metadata <meta name="Generator" content="X-Cart"> is changed. #BUG-7544 (Shevelov Alexander) #Core #AMP
2019-03-22 - [Bug] Renamed Macedonia to North Macedonia. #BUG-7178 (Maxim Kuznetsov) #Core #USPS #DHL #Onboarding #FirstDataPayeezyGatewayHP
2019-03-20 - [Bug] Resent access link did not work on nginx servers with the enabled Clean URLs. Fixed. #BUG-7091 (Maxim Kuznetsov) #Core
2019-02-01 - [Bug] Fatal error if trying to register a new vendor with a PayPal account already existing in an email address of another vendor. Fixed. #BUG-7036 https://bt.x-cart.com/view.php?id=50421 (Vladimir Semyonov) #Core
2019-01-22 - [Bug] Estimate shipping option did not work on the cart page with the disabled "Country" address field. Fixed. #BUG-6981 https://bt.x-cart.com/view.php?id=50374 (Shevelov Alexander) #Core
2018-12-21 - [Bug] The import of categories was working incorrectly. Fixed. #BUG-6793 https://bt.x-cart.com/view.php?id=50081 (Fedya Lavrentyev) #Core
2018-12-21 - [Bug] Products were sorted incorrectly when searching by categories. Fixed. #BUG-6843 https://bt.x-cart.com/view.php?id=50194 (Vladimir Semyonov) #Core
2018-12-19 - [Bug] Incorrect shipping method name display at checkout. Fixed. #BUG-6921 (Fedya Lavrentyev) #Core #CrispWhiteSkin
2018-12-13 - [Bug] Tab layout fixes for the disabled VendorMessages option. #BUG-6901 (Shevelov Alexander) #Core
2018-12-10 - [Bug] Incorrect dimensions' fields order on the Product details page. Fixed. #BUG-6873 https://bt.x-cart.com/view.php?id=50241 (Vladimir Semyonov) #Core
2018-12-07 - [Bug] Incorrect "Commissions total" field value on the Search oder page in the Admin area. Fixed. #BUG-6470 (Shevelov Alexander) #Core #MultiVendor
2018-12-07 - [Bug] Product details image display issue in mobile browsers (screen width less than 530 px). Fixed. #BUG-6662 https://bt.x-cart.com/view.php?id=49863 (Fedya Lavrentyev) #Core
2018-12-06 - [Bug] WC3 html validator issues. Fixed. #BUG-6613 https://bt.x-cart.com/view.php?id=49786 (Fedya Lavrentyev) #Core #CrispWhiteSkin
2018-12-04 - [Bug] Incorrect tracking links issue. Fixed. #BUG-6838 (Fedya Lavrentyev) #Core #AustraliaPost #USPS #FedEx #UPS
2018-12-03 - [Bug] HTML tags in shipping method section at checkout. Fixed. #BUG-6842 https://bt.x-cart.com/view.php?id=50195 (Fedya Lavrentyev) #Core
2018-11-29 - [Bug] Incorrect status of the offline shipping methods after editing. Fixed. #BUG-6799 (Fedya Lavrentyev) #Core
2018-11-27 - [Bug] Double "Sign In" link in a pop-up for the enabled Social Login module. Fixed. #BUG-6646 (Fedya Lavrentyev) #Core #CrispWhiteSkin
2018-11-27 - [Bug] Issues with shipping methods display for the states with digital codes. Fixed. #BUG-6732 https://bt.x-cart.com/view.php?id=50008 (Fedya Lavrentyev) #Core

