Version 5.3.5.6

Improvements (4)
2018-08-30 - [Change] Currency suffix/prefix was displayed incorrectly in the Admin area. Fixed. #BUG-6655 https://bt.x-cart.com/view.php?id=49167 (Kirill Stadler) #Core #FeaturedProducts #Sale #RelatedProducts #MultiVendor
2018-08-29 - [Change] Code optimization. Removed unnecessary titles. #BUG-6611 (Kirill Stadler) #Core #Egoods #Wholesale #ThemeTweaker #ProductReviews #PitneyBowes #Onboarding
2018-08-28 - [Change] A user's membership was not shown in their profile. Fixed. #BUG-6648 https://bt.x-cart.com/view.php?id=49854 (Kirill Stadler) #Core
2018-08-08 - [Change] Changed the checkout page title to say "Secure Checkout". #BUG-6422 (Shevelov Alexander) #Core #FastLaneCheckout #CrispWhiteSkin

Fixes (47)
2018-10-12 - [Bug] Runtime cache for shipping rates is now removed. #BUG-6763 https://bt.x-cart.com/view.php?id=50035 (Shevelov Alexander) #Core
2018-09-21 - [Bug] JS error on a category page when adding a product to cart if GA was enabled and table view had been selected for the product list. Fixed. #BUG-6702 https://bt.x-cart.com/view.php?id=49966 (Kirill Stadler) #Core #GoogleAnalytics
2018-09-19 - [Bug] Under certain conditions, a wrong shipping method was displayed on an order invoice in the Admin area. Fixed. #BUG-6689 https://bt.x-cart.com/view.php?id=49936 (Shevelov Alexander) #Core
2018-09-18 - [Bug] Fast Lane Checkout is now the type of checkout enabled by default. Fixed some checkout-related placeholder text labels. #BUG-6693 (Kirill Stadler) #Core #CrispWhiteSkin
2018-09-12 - [Bug] PDF invoice was not attached to admin order email notifications. Fixed. #BUG-6681 https://bt.x-cart.com/view.php?id=49934 (Kirill Stadler) #Core
2018-09-10 - [Bug] XSS on category and product pages in the Admin area if the name of the category contained js code. Fixed. #BUG-6667 https://bt.x-cart.com/view.php?id=49899 (Kirill Stadler) #Core #MultiVendor #BulkEditing
2018-09-10 - [Bug] Layout issues if one order had many tracking numbers. Fixed. #BUG-6664 https://bt.x-cart.com/view.php?id=49887 (Kirill Stadler) #Core
2018-09-05 - [Bug] Redundant updating of all the found entities on entity lists (like products, categories, etc.) when just a single entity needs to be updated. Fixed. #BUG-6591 https://bt.x-cart.com/view.php?id=49755 (Sergey Elmanov) #Core #Coupons #SimpleCMS #UserPermissions #ThemeTweaker #Add2CartPopup #MultiVendor #MultiCurrency #MailChimp #News #VendorPartners
2018-08-30 - [Bug] During an order import, the images were getting resized, which was not supposed to happen. Fixed. #BUG-6495 (Kirill Stadler) #Core
2018-08-29 - [Bug] The calculation of order statistics did not take into account order returns. Fixed. #BUG-6605 https://bt.x-cart.com/view.php?id=49780 (Kirill Stadler) #Core
2018-08-27 - [Bug] If using PayPal EC, the shipping method was reset. Fixed. #BUG-6626 https://bt.x-cart.com/view.php?id=49821 (Shevelov Alexander) #Core
2018-08-27 - [Bug] Added a help tip and a warning for PayPal for Marketplaces. #BUG-6582 (Maxim Kuznetsov) #Core #MultiVendor
2018-08-27 - [Bug] Changed the help text in the section for email notification editing. #BUG-6403 (Shevelov Alexander) #Core
2018-08-24 - [Bug] A multiselect field in the Admin area was working incorrectly on hover. #BUG-6430 https://bt.x-cart.com/view.php?id=49811 (Shevelov Alexander) #Core
2018-08-23 - [Bug] A video could not be uploaded from the computer. Fixed. #BUG-6635 https://bt.x-cart.com/view.php?id=49837 (Shevelov Alexander) #Core
2018-08-23 - [Bug] Quick menu layout issues in the Admin area if a Free license had been activated. Fixed. #BUG-6558 (Kirill Stadler) #Core
2018-08-22 - [Bug] Re-enabled the ability to sort tax rates. #BUG-6625 https://bt.x-cart.com/view.php?id=49820 (Shevelov Alexander) #Core
2018-08-17 - [Bug] A spelling error in the name of the UAE currency Dirham. Fixed. #BUG-6597 https://bt.x-cart.com/view.php?id=49769 (Sergey Elmanov) #Core
2018-08-17 - [Bug] After running a store update, the banners of the default categories were showing as modified. Fixed. #BUG-6595 (Sergey Elmanov) #Core
2018-08-17 - [Bug] While using AOM, it was possible to specify a larger product quantity than available in stock. #BUG-6590 (Shevelov Alexander) #Core
2018-08-17 - [Bug] Field names were missing in the description of a transaction. Fixed. #BUG-6322 (Sergey Elmanov) #Core
2018-08-08 - [Bug] Attribute value import was working incorrectly in the Russian pack. Fixed. #BUG-6599 https://bt.x-cart.com/view.php?id=49766 (Shevelov Alexander) #Core
2018-08-08 - [Bug] A customer with an assigned membership had access to the membership selection field. #BUG-6565 https://bt.x-cart.com/view.php?id=49708 (Sergey Elmanov) #Core
2018-08-08 - [Bug] The text of the form field validation error message was not changed after a different type of error had been detected. Fixed. #BUG-6391 (Shevelov Alexander) #Core
2018-08-08 - [Bug] The category tree was not updated via import. Fixed. #BUG-6335 (Shevelov Alexander) #Core #MigrationWizard
2018-08-07 - [Bug] A wrong type of double quote character was used for the nofollow attribute. Fixed. #BUG-6598 (Sergey Elmanov) #Core
2018-08-07 - [Bug] Replaced the Tracking info button in the order email notification with a link. #BUG-6544 https://bt.x-cart.com/view.php?id=49692 (Sergey Elmanov) #Core #UPS
2018-08-06 - [Bug] The module installation date was not getting updated. Fixed. #BUG-6223 (Sergey Elmanov) #Core
2018-08-03 - [Bug] Use of '&' as a delimeter in the http_build_query function is now enforced. #BUG-6576 (Sergey Elmanov) #Core #GoogleAnalytics #GoSocial #Paypal #USPS #ProductFilter #AvaTax #MultiCurrency #MailChimp #YandexMoney #G2APay #Beanstream #TaxJar
2018-08-02 - [Bug] Layout issues on the product list displayed in the grid layout mode in Standard skin with product names longer than 3-4 lines. Fixed. #BUG-6602 https://bt.x-cart.com/view.php?id=49729 (Shevelov Alexander) #Core
2018-07-31 - [Bug] A Sign In link was provided on the customer profile page for a customer who was already signed in. Fixed. #BUG-6583 (Shevelov Alexander) #Core
2018-07-31 - [Bug] Translation functions code optimization. #BUG-6557 (Sergey Elmanov) #Core
2018-07-31 - [Bug] Layout issues in the popup when creating an attribute group. Fixed. #BUG-6459 (Shevelov Alexander) #Core
2018-07-31 - [Bug] Font rendering issues if using CSS optimization. Fixed. #BUG-6321 https://bt.x-cart.com/view.php?id=49431 (Shevelov Alexander) #Core
2018-07-30 - [Bug] The number of pending orders was not displayed in the Admin area. Fixed. #BUG-6589 (Shevelov Alexander) #Core
2018-07-30 - [Bug] Import of a product's attribute values was working incorrectly with duplicate attribute names. Fixed. #BUG-6586 https://bt.x-cart.com/view.php?id=49734 (Shevelov Alexander) #Core
2018-07-26 - [Bug] The profile search field was working incorrectly on the review creation form. Fixed. #BUG-6428 (Shevelov Alexander) #Core
2018-07-25 - [Bug] The pagination widget on the attribute value editing form was working incorrectly. Fixed. #BUG-6254 (Shevelov Alexander) #Core
2018-07-24 - [Bug] Code refactoring for the customer removal confirmation form. #BUG-6528 https://bt.x-cart.com/view.php?id=49680 (Shevelov Alexander) #Core
2018-07-24 - [Bug] When the storefront was closed, shopKey was not added to the product preview url. Fixed. #BUG-6497 (Sergey Elmanov) #Core
2018-07-24 - [Bug] When creating a page, it was possible to set alt for the Open graph image. Fixed. #BUG-6340 (Sergey Elmanov) #Core #SimpleCMS #Onboarding
2018-07-24 - [Bug] The attribute value name typed after having been removed was displayed using a wrong color. Fixed. #BUG-6143 (Shevelov Alexander) #Core
2018-07-19 - [Bug] Incorrect redirect to a blank page after logging in from the login page (not from the popup) if Clean URLs are enabled and the store is installed in the web root. Fixed. #BUG-6569 https://bt.x-cart.com/view.php?id=49715 (Sergey Elmanov) #Core #SocialLogin #AmazonPay
2018-07-13 - [Bug] A wrong two-character code (NF) was used for the state Newfoundland Canada. Replaced with NL. #BUG-6550 https://bt.x-cart.com/view.php?id=49697 (Shevelov Alexander) #Core #CanadianTaxes
2018-07-13 - [Bug] Issues loading custom CSS from cache. Fixed. #BUG-6420 https://bt.x-cart.com/view.php?id=49468 (Shevelov Alexander) #Core
2018-07-11 - [Bug] Product images got duplicated if a large number of images was uploaded at one go. Fixed. #BUG-6535 https://bt.x-cart.com/view.php?id=49685 (Shevelov Alexander) #Core
2018-07-11 - [Bug] Added a setting for the export of attributes from the product list. #BUG-6515 (Shevelov Alexander) #Core

